<?xml version="1.0" encoding="UTF-8"?>
<testng-results skipped="0" failed="0" ignored="0" total="2" passed="2">
  <reporter-output>
  </reporter-output>
  <suite name="Suite" duration-ms="39008" started-at="2018-03-04T11:50:10Z" finished-at="2018-03-04T11:50:49Z">
    <groups>
    </groups>
    <test name="Test" duration-ms="39008" started-at="2018-03-04T11:50:10Z" finished-at="2018-03-04T11:50:49Z">
      <class name="gitTest.GitTest">
        <test-method status="PASS" signature="loginTest()[pri:0, instance:gitTest.GitTest@73f792cf]" name="loginTest" duration-ms="19526" started-at="2018-03-04T17:20:30Z" finished-at="2018-03-04T17:20:49Z">
          <reporter-output>
          </reporter-output>
        </test-method> <!-- loginTest -->
      </class> <!-- gitTest.GitTest -->
      <class name="gitTest.GitTest2">
        <test-method status="PASS" signature="loginTest()[pri:0, instance:gitTest.GitTest2@79b4d0f]" name="loginTest" duration-ms="19458" started-at="2018-03-04T17:20:10Z" finished-at="2018-03-04T17:20:30Z">
          <reporter-output>
          </reporter-output>
        </test-method> <!-- loginTest -->
      </class> <!-- gitTest.GitTest2 -->
    </test> <!-- Test -->
  </suite> <!-- Suite -->
</testng-results>
